pid: 774
pid: 2092
pid: 2622
pid: 2732
pid: 3414
pid: 3950
pid: 5185
pid: 7045
pid: 7509
pid: 7586
pid: 7762
pid: 8951
pid: 10601
pid: 10961
pid: 11006
pid: 12015
pid: 12473
pid: 12840
pid: 12988
pid: 13429
pid: 13944
pid: 14459
pid: 15433
pid: 16493
pid: 16589
pid: 16697
pid: 16834
pid: 17087
pid: 17230
pid: 17496
pid: 17908
pid: 18202
pid: 18644
pid: 18723
pid: 19066
pid: 19321
pid: 19379
pid: 19389
pid: 19881
pid: 19959
pid: 19995
pid: 20145
pid: 20487
pid: 20523
pid: 21124
pid: 21183
pid: 21806
pid: 22068
pid: 22267
pid: 22275
pid: 22819
pid: 22913
pid: 23306
pid: 23387
pid: 23848
pid: 24751
pid: 25176
pid: 25385
pid: 25637
pid: 25870
pid: 25963
pid: 26182
pid: 26939
pid: 27447
pid: 27900
pid: 28105
pid: 28133
pid: 28610
pid: 29115
pid: 29420
pid: 30415
pid: 31310
pid: 31676
pid: 31806
pid: 32042
pid: 32258
pid: 32263
pid: 32705
pid: 32846
pid: 33058
pid: 33081
pid: 33627
pid: 33738
pid: 33790
pid: 34184
pid: 34669
pid: 34927
pid: 35080
pid: 35114
pid: 35357
pid: 35514
pid: 35661
pid: 35727
pid: 35736
pid: 35770
pid: 35819
pid: 35883
pid: 36375
pid: 36612
pid: 36940
pid: 37419
pid: 37498
pid: 37827
pid: 38093
pid: 38310
pid: 38646
pid: 38826
pid: 38922
pid: 39526
pid: 39593
pid: 40060
pid: 40886
pid: 41597
pid: 41952
pid: 42025
pid: 42381
pid: 42805
pid: 42808
pid: 43560
pid: 44519
pid: 44771
pid: 45272
pid: 45596
pid: 45627
pid: 45756
pid: 46509
pid: 46545
pid: 46623
pid: 46678
pid: 47151
pid: 47176
pid: 47470
pid: 47504
pid: 47567
pid: 47613
pid: 47645
pid: 48246
pid: 48466
pid: 48898
pid: 49121
pid: 49885
pid: 49979
pid: 50228
pid: 50245
pid: 50516
pid: 50542
pid: 50619
pid: 50694
pid: 50919
pid: 50928
pid: 51379
pid: 51380
pid: 51706
pid: 51748
pid: 51812
pid: 51950
pid: 52209
pid: 52713
pid: 52826
pid: 53226
pid: 53602
pid: 53730
pid: 54018
pid: 54436
pid: 54722
pid: 54803
pid: 55003
pid: 55454
pid: 55809
pid: 55907
pid: 56047
pid: 56431
pid: 56526
pid: 56751
pid: 56793
pid: 56893
pid: 57001
pid: 57245
pid: 57334
pid: 57413
pid: 57678
pid: 57742
pid: 57882
pid: 58079
pid: 58095
pid: 58222
pid: 58410
pid: 58458
pid: 58565
pid: 58600
pid: 58632
pid: 59269
pid: 59286
pid: 59392
pid: 59454
pid: 59602
pid: 59604
pid: 59615
pid: 59625
pid: 59718
pid: 59872
pid: 60572
pid: 60637
pid: 60810
pid: 60842
pid: 60959
pid: 61265
pid: 61319
pid: 61440
pid: 61598
pid: 61719
pid: 61858
pid: 61866
pid: 61882
pid: 61918
pid: 61975
pid: 61976
pid: 62129
pid: 62219
pid: 62554
pid: 63081
pid: 63350
pid: 63429
pid: 63436
pid: 63632
pid: 64046
pid: 64479
pid: 64496
pid: 64515
pid: 64601
pid: 64601
pid: 64708
pid: 64784
pid: 64825
pid: 65011
pid: 65050
pid: 65146
pid: 65153
pid: 65217
pid: 65263
pid: 65697
pid: 65813
pid: 65878
pid: 65952
pid: 66123
pid: 66149
pid: 66658
pid: 67136
pid: 67585
pid: 67635
pid: 67653
pid: 67689
pid: 67813
pid: 67862
pid: 68011
pid: 68197
pid: 68570
pid: 68704
pid: 68868
pid: 68938
pid: 69191
pid: 69338
pid: 69378
pid: 69735
pid: 69978
pid: 70477
pid: 70553
pid: 70656
pid: 70723
pid: 70934
pid: 70937
pid: 70938
pid: 71043
pid: 71046
pid: 71090
pid: 71191
pid: 71479
pid: 71499
pid: 71607
pid: 71760
pid: 72121
pid: 72262
pid: 72413
pid: 72643
pid: 72698
pid: 72745
pid: 72751
pid: 72857
pid: 72929
pid: 73048
pid: 73109
pid: 73127
pid: 73238
pid: 73388
pid: 73904
pid: 73929
pid: 74009
pid: 74700
pid: 74709
pid: 75377
pid: 75445
pid: 75478
pid: 75977
pid: 76118
pid: 76194
pid: 76343
pid: 76622
pid: 76675
pid: 76791
pid: 76835
pid: 76923
pid: 77023
pid: 77714
pid: 78275
pid: 78288
pid: 78295
pid: 78304
pid: 78444
pid: 78740
pid: 78762
pid: 79089
pid: 79270
pid: 79301
pid: 79476
pid: 79603
pid: 79615
pid: 79620
pid: 80260
pid: 80343
pid: 80349
pid: 80393
pid: 80882
pid: 81091
pid: 81101
pid: 81299
pid: 81461
pid: 81690
pid: 81832
pid: 81871
pid: 82120
pid: 82461
pid: 82610
pid: 82760
pid: 82851
pid: 82859
pid: 82904
pid: 83157
pid: 83181
pid: 83199
pid: 83201
pid: 83320
pid: 83700
pid: 83870
pid: 84104
pid: 84108
pid: 84163
pid: 84260
pid: 84265
pid: 84318
pid: 84389
pid: 84885
pid: 85106
pid: 85143
pid: 85293
pid: 85470
pid: 85482
pid: 85558
pid: 86029
pid: 86189
pid: 86407
pid: 86474
pid: 86485
pid: 86545
pid: 86611
pid: 86633
pid: 86709
pid: 86755
pid: 86991
pid: 87022
pid: 87024
pid: 87099
pid: 87341
pid: 87393
pid: 87432
pid: 87555
pid: 87564
pid: 87618
pid: 87678
pid: 87689
pid: 87711
pid: 87893
pid: 88221
pid: 88233
pid: 88277
pid: 88338
pid: 88353
pid: 88388
pid: 88397
pid: 88419
pid: 88505
pid: 88547
pid: 88611
pid: 88703
pid: 88717
pid: 88784
pid: 88801
pid: 88961
pid: 89114
pid: 89405
pid: 89484
pid: 89490
pid: 89725
pid: 89788
pid: 89799
pid: 89815
pid: 90017
pid: 90019
pid: 90425
pid: 90731
pid: 90751
pid: 90828
pid: 90953
pid: 91046
pid: 91085
pid: 91445
pid: 91513
pid: 91519
pid: 91669
pid: 91945
pid: 91960
pid: 91967
pid: 92290
pid: 92308
pid: 92472
pid: 92493
pid: 92689
pid: 92818
pid: 92881
pid: 92918
pid: 92942
pid: 93039
pid: 93109
pid: 93296
pid: 93382
pid: 93440
pid: 93522
pid: 93624
pid: 94057
pid: 94290
pid: 94488
pid: 94493
pid: 94504
pid: 94565
pid: 94703
pid: 94781
pid: 94806
pid: 94821
pid: 94859
pid: 94912
pid: 94922
pid: 95088
pid: 95105
pid: 95414
pid: 95549
pid: 95665
pid: 95746
pid: 95825
pid: 95878
pid: 96131
pid: 96231
pid: 96408
pid: 96687
pid: 96706
pid: 96717
pid: 96757
pid: 96821
pid: 96844
pid: 96851
pid: 96856
pid: 96864
pid: 96987
pid: 97337
pid: 97363
pid: 97399
pid: 97532
pid: 97712
pid: 97788
pid: 97907
pid: 97917
pid: 98093
pid: 98152
